C51 COMPILER V9.01   MAIN                                                                  10/21/2018 22:17:39 PAGE 1   


C51 COMPILER V9.01, COMPILATION OF MODULE MAIN
OBJECT MODULE PLACED IN main.OBJ
COMPILER INVOKED BY: D:\Keil\C51\BIN\C51.EXE main.c OMF2 BROWSE DEBUG

line level    source

   1          #include "reg52.h"
   2          #include "intrins.h"
   3          
   4          //晶振频率=12MHZ
   5          //时钟周期=晶振周期=1/12MHZ
   6          //1个机器周期=12个时钟周期 = 1/1MHZ= 1us
   7          //1个指令周期=若干个机器周期 
   8          sbit beep = P1^5;
   9          
  10          
  11          int i=0;
  12          //  无源蜂鸣器需要IO口输出一个频率，通过三极管放大驱动电流 
  13          //      蜂鸣器的频率范围是1.5~2.5kHZ
  14          //  换算是400~666us
  15          //  也就是说 i取值是40~66
  16          void delay(unsigned char i){    
  17   1      while(i--);                                             //一次循环大约10个机器周期=10us=0.01ms
  18   1      }
  19          
  20          void main(){
  21   1      
  22   1              
  23   1               
  24   1              while(1){
  25   2                      beep=~beep;
  26   2                      delay(10);
  27   2                      
  28   2                      
  29   2              }
  30   1      }


MODULE INFORMATION:   STATIC OVERLAYABLE
   CODE SIZE        =     16    ----
   CONSTANT SIZE    =   ----    ----
   XDATA SIZE       =   ----    ----
   PDATA SIZE       =   ----    ----
   DATA SIZE        =      2    ----
   IDATA SIZE       =   ----    ----
   BIT SIZE         =   ----    ----
   EDATA SIZE       =   ----    ----
   HDATA SIZE       =   ----    ----
   XDATA CONST SIZE =   ----    ----
   FAR CONST SIZE   =   ----    ----
END OF MODULE INFORMATION.


C51 COMPILATION COMPLETE.  0 WARNING(S),  0 ERROR(S)
