C51 COMPILER V9.01   MAIN                                                                  05/29/2019 21:49:45 PAGE 1   


C51 COMPILER V9.01, COMPILATION OF MODULE MAIN
OBJECT MODULE PLACED IN main.OBJ
COMPILER INVOKED BY: D:\Keil\C51\BIN\C51.EXE main.c OMF2 BROWSE DEBUG

line level    source

   1          #include "reg52.h"
   2          #include "intrins.h"
   3          
   4          #define led P0
   5          
   6          int i=0;
   7          
   8          void delay1s(void)   //Îó²î 0us
   9          {
  10   1          unsigned char a,b,c;
  11   1          for(c=167;c>0;c--)
  12   1              for(b=171;b>0;b--)
  13   1                  for(a=16;a>0;a--);
  14   1          _nop_();  //if Keil,require use intrins.h
  15   1      }
  16          
  17          //hello world
  18          void main(){
  19   1      
  20   1              //led=0x01;
  21   1                      
  22   1          unsigned char a=0x01;
  23   1              unsigned char b=0x00;
  24   1               led=a;
  25   1               
  26   1              while(1){
  27   2                      delay1s();
  28   2                      i++;
  29   2                      a=a<<1;
  30   2                      a=a+1;
  31   2                      if(i==8){
  32   3                              a=0x01;
  33   3                              i=0;
  34   3                      }
  35   2                      led=a;
  36   2              }
  37   1      }


MODULE INFORMATION:   STATIC OVERLAYABLE
   CODE SIZE        =     55    ----
   CONSTANT SIZE    =   ----    ----
   XDATA SIZE       =   ----    ----
   PDATA SIZE       =   ----    ----
   DATA SIZE        =      2       1
   IDATA SIZE       =   ----    ----
   BIT SIZE         =   ----    ----
   EDATA SIZE       =   ----    ----
   HDATA SIZE       =   ----    ----
   XDATA CONST SIZE =   ----    ----
   FAR CONST SIZE   =   ----    ----
END OF MODULE INFORMATION.


C51 COMPILATION COMPLETE.  0 WARNING(S),  0 ERROR(S)
