C51 COMPILER V9.01   MAIN                                                                  06/05/2018 08:24:09 PAGE 1   


C51 COMPILER V9.01, COMPILATION OF MODULE MAIN
OBJECT MODULE PLACED IN main.OBJ
COMPILER INVOKED BY: D:\Keil\C51\BIN\C51.EXE main.c BROWSE DEBUG OBJECTEXTEND

line level    source

   1          #include "reg52.h"
   2          #include "intrins.h"
   3          
   4          typedef unsigned char u8;
   5          typedef unsigned int u16;
   6          
   7          #define GPIO_DIG P0
   8          
   9          sbit IN_PL=P1^6;
  10          sbit IN_DATA=P1^7;
  11          sbit SCK=P3^6;
  12          
  13          u8 read74hc165(){
  14   1              u8 indata=0;
  15   1              u8 i=0;
  16   1              IN_PL=0;
  17   1              _nop_();
  18   1              IN_PL=1;
  19   1              _nop_();
  20   1              for(i=0;i<8;i++){
  21   2                 indata=indata<<1;
  22   2                 SCK=0;
  23   2                 _nop_();
  24   2                 indata|=IN_DATA;
  25   2                 SCK=1;
  26   2              }
  27   1              return indata;
  28   1      
  29   1      }
  30          void delay(u16 i){while(i--);}
  31                    
  32          
  33          void main(){
  34   1              u8 h165Value;
  35   1              GPIO_DIG=0;
  36   1              while(1){
  37   2                 h165Value=read74hc165();
  38   2                 if(h165Value!=0xff){
  39   3                              GPIO_DIG=~h165Value;
  40   3                 }
  41   2              
  42   2              }
  43   1              
  44   1      }


MODULE INFORMATION:   STATIC OVERLAYABLE
   CODE SIZE        =     56    ----
   CONSTANT SIZE    =   ----    ----
   XDATA SIZE       =   ----    ----
   PDATA SIZE       =   ----    ----
   DATA SIZE        =   ----    ----
   IDATA SIZE       =   ----    ----
   BIT SIZE         =   ----    ----
END OF MODULE INFORMATION.

C51 COMPILER V9.01   MAIN                                                                  06/05/2018 08:24:09 PAGE 2   


C51 COMPILATION COMPLETE.  0 WARNING(S),  0 ERROR(S)
